Arguments: 
  /Users/nhwang/.brew/Cellar/node/20.2.0/bin/node /Users/nhwang/.brew/Cellar/yarn/1.22.19/libexec/bin/yarn.js add @mui/material @emotion/react @emotion/styled

PATH: 
  /Users/nhwang/.brew/bin:/Users/nhwang/.brew/bin:/usr/local/bin:/usr/bin:/bin:/usr/sbin:/sbin:/usr/local/munki

Yarn version: 
  1.22.19

Node version: 
  20.2.0

Platform: 
  darwin x64

Trace: 
  Error: ENOSPC: no space left on device, mkdir '/Users/nhwang/Library/Caches/Yarn/v6/npm-ansi-html-community-0.0.8-69fbc4d6ccbe383f9736934ae34c3f8290f1bf41-integrity'

npm manifest: 
  {
    "proxy": "http:/10.15.1.4:3000/",
    "name": "login",
    "version": "0.1.0",
    "private": true,
    "dependencies": {
      "@emotion/styled": "^11.11.0",
      "@testing-library/jest-dom": "^5.16.5",
      "@testing-library/react": "^13.4.0",
      "@testing-library/user-event": "^13.5.0",
      "axios": "^1.4.0",
      "dotenv": "^16.3.1",
      "eslint-config-prettier": "^8.9.0",
      "js-cookie": "^3.0.5",
      "js-cookies": "^1.0.4",
      "pg": "^8.11.0",
      "react": "^18.2.0",
      "react-cookie": "^4.1.1",
      "react-dom": "^18.2.0",
      "react-query": "^3.39.3",
      "react-router-dom": "^6.12.1",
      "react-scripts": "5.0.1",
      "recoil": "^0.7.7",
      "socket.io": "^4.7.0",
      "socket.io-client": "^4.7.0",
      "web-vitals": "^2.1.4"
    },
    "scripts": {
      "start": "react-scripts start",
      "build": "react-scripts build",
      "test": "react-scripts test",
      "eject": "react-scripts eject"
    },
    "eslintConfig": {
      "extends": [
        "react-app",
        "react-app/jest"
      ]
    },
    "browserslist": {
      "production": [
        ">0.2%",
        "not dead",
        "not op_mini all"
      ],
      "development": [
        "last 1 chrome version",
        "last 1 firefox version",
        "last 1 safari version"
      ]
    },
    "lint": "eslint './src/**/*.{ts,tsx,js,jsx}'",
    "lint:fix": "eslint --fix './src/**/*.{ts,tsx,js,jsx}'",
    "devDependencies": {
      "eslint": "^8.46.0",
      "eslint-config-airbnb": "^19.0.4",
      "eslint-plugin-prettier": "^5.0.0",
      "prettier": "^3.0.0",
      "typescript": "^5.1.6"
    }
  }

yarn manifest: 
  No manifest

Lockfile: 
  No lockfile
